\BOOKMARK [1][-]{section.1}{\376\377\000M\000i\000s\000c}{}% 1
\BOOKMARK [2][-]{subsection.1.1}{\376\377\000C\000h\000e\000c\000k\000\040\000f\000o\000r\000\040\000o\000v\000e\000r\000f\000l\000o\000w}{section.1}% 2
\BOOKMARK [2][-]{subsection.1.2}{\376\377\000I\000n\000p\000u\000t\000\040\000b\000y\000\040\000f\000i\000l\000e}{section.1}% 3
\BOOKMARK [1][-]{section.2}{\376\377\000G\000e\000o\000m\000e\000t\000r\000y}{}% 4
\BOOKMARK [2][-]{subsection.2.1}{\376\377\000D\000i\000s\000t\000a\000n\000c\000e\000s}{section.2}% 5
\BOOKMARK [3][-]{subsubsection.2.1.1}{\376\377\000E\000u\000c\000l\000i\000d\000e\000a\000n}{subsection.2.1}% 6
\BOOKMARK [3][-]{subsubsection.2.1.2}{\376\377\000M\000a\000n\000h\000a\000t\000t\000a\000n}{subsection.2.1}% 7
\BOOKMARK [2][-]{subsection.2.2}{\376\377\000M\000a\000x\000i\000m\000u\000m\000\040\000p\000o\000s\000s\000i\000b\000l\000e\000\040\000m\000a\000n\000h\000a\000t\000t\000a\000n\000\040\000d\000i\000s\000t\000a\000n\000c\000e\000\040\000b\000e\000t\000w\000e\000e\000n\000\040\000t\000w\000o\000\040\000p\000o\000i\000n\000t\000s\000\040\000g\000i\000v\000e\000n\000\040\000n\000\040\000p\000o\000i\000n\000t\000s}{section.2}% 8
\BOOKMARK [2][-]{subsection.2.3}{\376\377\000B\000o\000u\000n\000d\000a\000r\000y\000\040\000p\000o\000i\000n\000t\000s}{section.2}% 9
\BOOKMARK [2][-]{subsection.2.4}{\376\377\000P\000i\000c\000k\000'\000s\000\040\000T\000h\000e\000o\000r\000e\000m}{section.2}% 10
\BOOKMARK [2][-]{subsection.2.5}{\376\377\000T\000r\000i\000a\000n\000g\000l\000e\000\040\000E\000x\000i\000s\000t\000e\000n\000c\000e\000\040\000C\000o\000n\000d\000i\000t\000i\000o\000n}{section.2}% 11
\BOOKMARK [2][-]{subsection.2.6}{\376\377\000P\000e\000r\000i\000m\000e\000t\000e\000r}{section.2}% 12
\BOOKMARK [3][-]{subsubsection.2.6.1}{\376\377\000C\000i\000r\000c\000l\000e}{subsection.2.6}% 13
\BOOKMARK [2][-]{subsection.2.7}{\376\377\000A\000r\000e\000a\000s}{section.2}% 14
\BOOKMARK [3][-]{subsubsection.2.7.1}{\376\377\000C\000i\000r\000c\000l\000e}{subsection.2.7}% 15
\BOOKMARK [3][-]{subsubsection.2.7.2}{\376\377\000T\000r\000i\000a\000n\000g\000l\000e}{subsection.2.7}% 16
\BOOKMARK [3][-]{subsubsection.2.7.3}{\376\377\000S\000q\000u\000a\000r\000e}{subsection.2.7}% 17
\BOOKMARK [3][-]{subsubsection.2.7.4}{\376\377\000R\000e\000c\000t\000a\000n\000g\000l\000e}{subsection.2.7}% 18
\BOOKMARK [3][-]{subsubsection.2.7.5}{\376\377\000R\000h\000o\000m\000b\000u\000s}{subsection.2.7}% 19
\BOOKMARK [2][-]{subsection.2.8}{\376\377\000V\000o\000l\000u\000m\000e\000s}{section.2}% 20
\BOOKMARK [3][-]{subsubsection.2.8.1}{\376\377\000S\000p\000h\000e\000r\000e}{subsection.2.8}% 21
\BOOKMARK [3][-]{subsubsection.2.8.2}{\376\377\000P\000r\000i\000s\000m}{subsection.2.8}% 22
\BOOKMARK [3][-]{subsubsection.2.8.3}{\376\377\000P\000y\000r\000a\000m\000i\000d}{subsection.2.8}% 23
\BOOKMARK [3][-]{subsubsection.2.8.4}{\376\377\000C\000o\000n\000e}{subsection.2.8}% 24
\BOOKMARK [2][-]{subsection.2.9}{\376\377\000S\000i\000n\000e\000s\000\040\000R\000u\000l\000e}{section.2}% 25
\BOOKMARK [2][-]{subsection.2.10}{\376\377\000C\000o\000s\000s\000i\000n\000e\000s\000\040\000R\000u\000l\000e}{section.2}% 26
\BOOKMARK [2][-]{subsection.2.11}{\376\377\000S\000h\000o\000e\000l\000a\000c\000e\000\040\000F\000o\000r\000m\000u\000l\000a}{section.2}% 27
\BOOKMARK [1][-]{section.3}{\376\377\000B\000i\000t\000w\000i\000s\000e}{}% 28
\BOOKMARK [2][-]{subsection.3.1}{\376\377\000T\000u\000r\000n\000\040\000b\000i\000t\000\040\000o\000n\000\040\000o\000r\000\040\000o\000f\000f}{section.3}% 29
\BOOKMARK [2][-]{subsection.3.2}{\376\377\000C\000h\000e\000c\000k\000\040\000i\000f\000\040\000b\000i\000t\000\040\000i\000s\000\040\000o\000n\000\040\000o\000r\000\040\000o\000f\000f}{section.3}% 30
\BOOKMARK [2][-]{subsection.3.3}{\376\377\000N\000u\000m\000b\000e\000r\000\040\000o\000f\000\040\000b\000i\000t\000s\000\040\000o\000n}{section.3}% 31
\BOOKMARK [2][-]{subsection.3.4}{\376\377\000C\000o\000u\000n\000t\000\040\000l\000e\000a\000d\000i\000n\000g\000\040\000z\000e\000r\000o\000s}{section.3}% 32
\BOOKMARK [2][-]{subsection.3.5}{\376\377\000M\000S\000B}{section.3}% 33
\BOOKMARK [2][-]{subsection.3.6}{\376\377\000C\000o\000u\000n\000t\000\040\000t\000r\000a\000i\000l\000i\000n\000g\000\040\000z\000e\000r\000o\000s}{section.3}% 34
\BOOKMARK [2][-]{subsection.3.7}{\376\377\000L\000S\000B}{section.3}% 35
\BOOKMARK [2][-]{subsection.3.8}{\376\377\000X\000O\000R\000\040\000f\000r\000o\000m\000\040\0001\000\040\000t\000o\000\040\000n}{section.3}% 36
\BOOKMARK [2][-]{subsection.3.9}{\376\377\000N\000O\000T}{section.3}% 37
\BOOKMARK [2][-]{subsection.3.10}{\376\377\000A\000N\000D}{section.3}% 38
\BOOKMARK [2][-]{subsection.3.11}{\376\377\000O\000R}{section.3}% 39
\BOOKMARK [2][-]{subsection.3.12}{\376\377\000N\000A\000N\000D}{section.3}% 40
\BOOKMARK [2][-]{subsection.3.13}{\376\377\000N\000O\000R}{section.3}% 41
\BOOKMARK [2][-]{subsection.3.14}{\376\377\000X\000O\000R}{section.3}% 42
\BOOKMARK [2][-]{subsection.3.15}{\376\377\000X\000N\000O\000R}{section.3}% 43
\BOOKMARK [1][-]{section.4}{\376\377\000B\000a\000s\000i\000c\000\040\000M\000a\000t\000h}{}% 44
\BOOKMARK [2][-]{subsection.4.1}{\376\377\000D\000i\000v\000i\000s\000i\000b\000i\000l\000i\000t\000y\000\040\000C\000r\000i\000t\000e\000r\000i\000a}{section.4}% 45
\BOOKMARK [3][-]{subsubsection.4.1.1}{\376\377\0002}{subsection.4.1}% 46
\BOOKMARK [3][-]{subsubsection.4.1.2}{\376\377\0003}{subsection.4.1}% 47
\BOOKMARK [3][-]{subsubsection.4.1.3}{\376\377\0004}{subsection.4.1}% 48
\BOOKMARK [3][-]{subsubsection.4.1.4}{\376\377\0005}{subsection.4.1}% 49
\BOOKMARK [3][-]{subsubsection.4.1.5}{\376\377\0006}{subsection.4.1}% 50
\BOOKMARK [3][-]{subsubsection.4.1.6}{\376\377\0007}{subsection.4.1}% 51
\BOOKMARK [3][-]{subsubsection.4.1.7}{\376\377\0008}{subsection.4.1}% 52
\BOOKMARK [3][-]{subsubsection.4.1.8}{\376\377\0009}{subsection.4.1}% 53
\BOOKMARK [2][-]{subsection.4.2}{\376\377\000L\000o\000g\000a\000r\000i\000t\000h\000m}{section.4}% 54
\BOOKMARK [1][-]{section.5}{\376\377\000C\000+\000+}{}% 55
\BOOKMARK [2][-]{subsection.5.1}{\376\377\000O\000r\000d\000e\000r\000e\000d\000\040\000s\000e\000t\000\040\000a\000n\000d\000\040\000m\000u\000l\000t\000i\000s\000e\000t}{section.5}% 56
\BOOKMARK [2][-]{subsection.5.2}{\376\377\000P\000r\000i\000o\000r\000i\000t\000y\000\040\000Q\000u\000e\000u\000e}{section.5}% 57
\BOOKMARK [1][-]{section.6}{\376\377\000C\000o\000m\000b\000i\000n\000a\000t\000o\000r\000i\000c\000s}{}% 58
\BOOKMARK [2][-]{subsection.6.1}{\376\377\000B\000u\000r\000n\000s\000i\000d\000e\000'\000s\000\040\000L\000e\000m\000m\000a}{section.6}% 59
\BOOKMARK [1][-]{section.7}{\376\377\000C\000o\000n\000s\000t\000a\000n\000t\000s}{}% 60
\BOOKMARK [1][-]{section.8}{\376\377\000N\000u\000m\000b\000e\000r\000\040\000T\000h\000e\000o\000r\000y}{}% 61
\BOOKMARK [2][-]{subsection.8.1}{\376\377\000N\000u\000m\000b\000e\000r\000\040\000o\000f\000\040\000D\000i\000v\000i\000s\000o\000r\000s}{section.8}% 62
\BOOKMARK [2][-]{subsection.8.2}{\376\377\000N\000u\000m\000b\000e\000r\000\040\000o\000f\000\040\000d\000i\000g\000i\000t\000s\000\040\000o\000f\000\040\000n\000!\000\040\000i\000n\000\040\000b\000a\000s\000e\000\040\000b}{section.8}% 63
\BOOKMARK [2][-]{subsection.8.3}{\376\377\000P\000r\000i\000m\000e\000\040\000c\000o\000u\000n\000t\000i\000n\000g\000\040\000f\000u\000n\000c\000t\000i\000o\000n\000\040\000-\000\040}{section.8}% 64
\BOOKMARK [2][-]{subsection.8.4}{\376\377\000S\000u\000m\000\040\000o\000f\000\040\000d\000i\000g\000i\000t\000s\000\040\000o\000f\000\040\000n\000\040\000i\000n\000\040\000b\000a\000s\000e\000\040\000b}{section.8}% 65
\BOOKMARK [2][-]{subsection.8.5}{\376\377\000F\000e\000r\000m\000a\000t\000'\000s\000\040\000T\000h\000e\000o\000r\000e\000m\000s}{section.8}% 66
\BOOKMARK [1][-]{section.9}{\376\377\000I\000d\000e\000n\000t\000i\000t\000i\000e\000s}{}% 67
\BOOKMARK [1][-]{section.10}{\376\377\000P\000r\000o\000g\000r\000e\000s\000s\000i\000o\000n\000s}{}% 68
\BOOKMARK [2][-]{subsection.10.1}{\376\377\000A\000r\000i\000t\000h\000m\000e\000t\000i\000c\000\040\000P\000r\000o\000g\000r\000e\000s\000s\000i\000o\000n}{section.10}% 69
\BOOKMARK [3][-]{subsubsection.10.1.1}{\376\377\000G\000e\000n\000e\000r\000a\000l\000\040\000T\000e\000r\000m}{subsection.10.1}% 70
\BOOKMARK [3][-]{subsubsection.10.1.2}{\376\377\000S\000u\000m}{subsection.10.1}% 71
\BOOKMARK [3][-]{subsubsection.10.1.3}{\376\377\000S\000u\000m\000\040\000o\000f\000\040\000S\000e\000c\000o\000n\000d\000\040\000O\000r\000d\000e\000r\000\040\000A\000r\000i\000t\000h\000m\000e\000t\000i\000c\000\040\000P\000r\000o\000g\000r\000e\000s\000s\000i\000o\000n}{subsection.10.1}% 72
\BOOKMARK [2][-]{subsection.10.2}{\376\377\000G\000e\000o\000m\000e\000t\000r\000i\000c\000\040\000P\000r\000o\000g\000r\000e\000s\000s\000i\000o\000n}{section.10}% 73
\BOOKMARK [3][-]{subsubsection.10.2.1}{\376\377\000G\000e\000n\000e\000r\000a\000l\000\040\000T\000e\000r\000m}{subsection.10.2}% 74
\BOOKMARK [3][-]{subsubsection.10.2.2}{\376\377\000S\000u\000m}{subsection.10.2}% 75
\BOOKMARK [3][-]{subsubsection.10.2.3}{\376\377\000I\000n\000f\000i\000n\000i\000t\000e\000\040\000S\000u\000m}{subsection.10.2}% 76
